2025-08-13T20:45:29.885+09:00  INFO 38431 --- [MySpringbootLab] [restartedMain] c.r.m.MySpringbootLabApplication         : Starting MySpringbootLabApplication using Java 17.0.2 with PID 38431 (/Applications/SK-Shieldus-Rookies_Study/task/Springboot_Practice/MySpringbootLab/target/classes started by rose in /Applications/SK-Shieldus-Rookies_Study/task/Springboot_Practice/MySpringbootLab)
2025-08-13T20:45:29.893+09:00  INFO 38431 --- [MySpringbootLab] [restartedMain] c.r.m.MySpringbootLabApplication         : No active profile set, falling back to 1 default profile: "default"
2025-08-13T20:45:29.963+09:00  INFO 38431 --- [MySpringbootLab] [restartedMain] .e.DevToolsPropertyDefaultsPostProcessor : Devtools property defaults active! Set 'spring.devtools.add-properties' to 'false' to disable
2025-08-13T20:45:29.963+09:00  INFO 38431 --- [MySpringbootLab] [restartedMain] .e.DevToolsPropertyDefaultsPostProcessor : For additional web related logging consider setting the 'logging.level.web' property to 'DEBUG'
2025-08-13T20:45:31.019+09:00  INFO 38431 --- [MySpringbootLab] [restartedMain] .s.d.r.c.RepositoryConfigurationDelegate : Bootstrapping Spring Data JPA repositories in DEFAULT mode.
2025-08-13T20:45:31.036+09:00  INFO 38431 --- [MySpringbootLab] [restartedMain] .s.d.r.c.RepositoryConfigurationDelegate : Finished Spring Data repository scanning in 9 ms. Found 0 JPA repository interfaces.
2025-08-13T20:45:31.745+09:00  INFO 38431 --- [MySpringbootLab] [restartedMain] o.s.b.w.embedded.tomcat.TomcatWebServer  : Tomcat initialized with port 8080 (http)
2025-08-13T20:45:31.795+09:00  INFO 38431 --- [MySpringbootLab] [restartedMain] o.apache.catalina.core.StandardService   : Starting service [Tomcat]
2025-08-13T20:45:31.796+09:00  INFO 38431 --- [MySpringbootLab] [restartedMain] o.apache.catalina.core.StandardEngine    : Starting Servlet engine: [Apache Tomcat/10.1.43]
2025-08-13T20:45:31.868+09:00  INFO 38431 --- [MySpringbootLab] [restartedMain] o.a.c.c.C.[Tomcat].[localhost].[/]       : Initializing Spring embedded WebApplicationContext
2025-08-13T20:45:31.869+09:00  INFO 38431 --- [MySpringbootLab] [restartedMain] w.s.c.ServletWebServerApplicationContext : Root WebApplicationContext: initialization completed in 1904 ms
2025-08-13T20:45:32.063+09:00  INFO 38431 --- [MySpringbootLab] [restartedMain] com.zaxxer.hikari.HikariDataSource       : HikariPool-1 - Starting...
2025-08-13T20:45:32.192+09:00  INFO 38431 --- [MySpringbootLab] [restartedMain] com.zaxxer.hikari.pool.HikariPool        : HikariPool-1 - Added connection conn0: url=jdbc:h2:mem:a8408c7f-d2e9-43f0-a77e-4b7e11221fcd user=SA
2025-08-13T20:45:32.193+09:00  INFO 38431 --- [MySpringbootLab] [restartedMain] com.zaxxer.hikari.HikariDataSource       : HikariPool-1 - Start completed.
2025-08-13T20:45:32.227+09:00  INFO 38431 --- [MySpringbootLab] [restartedMain] o.hibernate.jpa.internal.util.LogHelper  : HHH000204: Processing PersistenceUnitInfo [name: default]
2025-08-13T20:45:32.267+09:00  INFO 38431 --- [MySpringbootLab] [restartedMain] org.hibernate.Version                    : HHH000412: Hibernate ORM core version 6.6.22.Final
2025-08-13T20:45:32.303+09:00  INFO 38431 --- [MySpringbootLab] [restartedMain] o.h.c.internal.RegionFactoryInitiator    : HHH000026: Second-level cache disabled
2025-08-13T20:45:32.542+09:00  INFO 38431 --- [MySpringbootLab] [restartedMain] o.s.o.j.p.SpringPersistenceUnitInfo      : No LoadTimeWeaver setup: ignoring JPA class transformer
2025-08-13T20:45:32.611+09:00  INFO 38431 --- [MySpringbootLab] [restartedMain] org.hibernate.orm.connections.pooling    : HHH10001005: Database info:
	Database JDBC URL [Connecting through datasource 'HikariDataSource (HikariPool-1)']
	Database driver: undefined/unknown
	Database version: 2.3.232
	Autocommit mode: undefined/unknown
	Isolation level: undefined/unknown
	Minimum pool size: undefined/unknown
	Maximum pool size: undefined/unknown
2025-08-13T20:45:33.009+09:00  INFO 38431 --- [MySpringbootLab] [restartedMain] o.h.e.t.j.p.i.JtaPlatformInitiator       : HHH000489: No JTA platform available (set 'hibernate.transaction.jta.platform' to enable JTA platform integration)
2025-08-13T20:45:33.013+09:00  INFO 38431 --- [MySpringbootLab] [restartedMain] j.LocalContainerEntityManagerFactoryBean : Initialized JPA EntityManagerFactory for persistence unit 'default'
2025-08-13T20:45:33.060+09:00  WARN 38431 --- [MySpringbootLab] [restartedMain] JpaBaseConfiguration$JpaWebConfiguration : spring.jpa.open-in-view is enabled by default. Therefore, database queries may be performed during view rendering. Explicitly configure spring.jpa.open-in-view to disable this warning
2025-08-13T20:45:33.244+09:00  WARN 38431 --- [MySpringbootLab] [restartedMain] ion$DefaultTemplateResolverConfiguration : Cannot find template location: classpath:/templates/ (please add some templates, check your Thymeleaf configuration, or set spring.thymeleaf.check-template-location=false)
2025-08-13T20:45:33.435+09:00  INFO 38431 --- [MySpringbootLab] [restartedMain] o.s.b.a.h2.H2ConsoleAutoConfiguration    : H2 console available at '/h2-console'. Database available at 'jdbc:h2:mem:a8408c7f-d2e9-43f0-a77e-4b7e11221fcd'
2025-08-13T20:45:33.468+09:00  INFO 38431 --- [MySpringbootLab] [restartedMain] o.s.b.d.a.OptionalLiveReloadServer       : LiveReload server is running on port 35729
2025-08-13T20:45:33.475+09:00  INFO 38431 --- [MySpringbootLab] [restartedMain] o.s.b.a.e.web.EndpointLinksResolver      : Exposing 1 endpoint beneath base path '/actuator'
2025-08-13T20:45:33.545+09:00  INFO 38431 --- [MySpringbootLab] [restartedMain] o.s.b.w.embedded.tomcat.TomcatWebServer  : Tomcat started on port 8080 (http) with context path '/'
2025-08-13T20:45:33.562+09:00  INFO 38431 --- [MySpringbootLab] [restartedMain] c.r.m.MySpringbootLabApplication         : Started MySpringbootLabApplication in 4.225 seconds (process running for 4.816)
2025-08-18T13:24:30.372+09:00  INFO 19728 --- [MySpringbootLab] [main] c.r.m.r.BookRepositoryTest               : Starting BookRepositoryTest using Java 17.0.2 with PID 19728 (started by rose in /Applications/SK-Shieldus-Rookies_Task/Springboot_Practice/MySpringbootLab)
2025-08-18T13:24:30.378+09:00  INFO 19728 --- [MySpringbootLab] [main] c.r.m.r.BookRepositoryTest               : The following 1 profile is active: "prod"
2025-08-18T13:24:30.708+09:00  INFO 19728 --- [MySpringbootLab] [main] .s.d.r.c.RepositoryConfigurationDelegate : Bootstrapping Spring Data JPA repositories in DEFAULT mode.
2025-08-18T13:24:30.760+09:00  INFO 19728 --- [MySpringbootLab] [main] .s.d.r.c.RepositoryConfigurationDelegate : Finished Spring Data repository scanning in 38 ms. Found 1 JPA repository interface.
2025-08-18T13:24:30.801+09:00  INFO 19728 --- [MySpringbootLab] [main] beddedDataSourceBeanFactoryPostProcessor : Replacing 'dataSource' DataSource bean with embedded version
2025-08-18T13:24:30.864+09:00  INFO 19728 --- [MySpringbootLab] [main] o.s.j.d.e.EmbeddedDatabaseFactory        : Starting embedded database: url='jdbc:h2:mem:9dedd909-3181-4234-89f8-bb93c5adafa3;DB_CLOSE_DELAY=-1;DB_CLOSE_ON_EXIT=false', username='sa'
2025-08-18T13:24:31.088+09:00  INFO 19728 --- [MySpringbootLab] [main] o.h.j.i.u.LogHelper                      : HHH000204: Processing PersistenceUnitInfo [name: default]
2025-08-18T13:24:31.129+09:00  INFO 19728 --- [MySpringbootLab] [main] o.h.Version                              : HHH000412: Hibernate ORM core version 6.6.22.Final
2025-08-18T13:24:31.153+09:00  INFO 19728 --- [MySpringbootLab] [main] o.h.c.i.RegionFactoryInitiator           : HHH000026: Second-level cache disabled
2025-08-18T13:24:31.350+09:00  INFO 19728 --- [MySpringbootLab] [main] o.s.o.j.p.SpringPersistenceUnitInfo      : No LoadTimeWeaver setup: ignoring JPA class transformer
2025-08-18T13:24:31.409+09:00  WARN 19728 --- [MySpringbootLab] [main] o.h.d.Dialect                            : HHH000511: The 2.3.232 version for [org.hibernate.dialect.MariaDBDialect] is no longer supported, hence certain features may not work properly. The minimum supported version is 10.4.0. Check the community dialects project for available legacy versions.
2025-08-18T13:24:31.413+09:00  WARN 19728 --- [MySpringbootLab] [main] o.h.o.deprecation                        : HHH90000025: MariaDBDialect does not need to be specified explicitly using 'hibernate.dialect' (remove the property setting and it will be selected by default)
2025-08-18T13:24:31.433+09:00  INFO 19728 --- [MySpringbootLab] [main] o.h.o.c.pooling                          : HHH10001005: Database info:
	Database JDBC URL [Connecting through datasource 'org.springframework.jdbc.datasource.embedded.EmbeddedDatabaseFactory$EmbeddedDataSourceProxy@1b791dca']
	Database driver: undefined/unknown
	Database version: 2.3.232
	Autocommit mode: undefined/unknown
	Isolation level: undefined/unknown
	Minimum pool size: undefined/unknown
	Maximum pool size: undefined/unknown
2025-08-18T13:24:32.077+09:00  INFO 19728 --- [MySpringbootLab] [main] o.h.e.t.j.p.i.JtaPlatformInitiator       : HHH000489: No JTA platform available (set 'hibernate.transaction.jta.platform' to enable JTA platform integration)
2025-08-18T13:24:32.146+09:00  WARN 19728 --- [MySpringbootLab] [main] o.h.t.s.i.ExceptionHandlerLoggedImpl     : GenerationTarget encountered exception accepting command : Error executing DDL "create table books (id bigint not null auto_increment, author varchar(255) not null, isbn varchar(255) not null, price integer not null, publish_date date not null, title varchar(255) not null, primary key (id)) engine=InnoDB" via JDBC [Syntax error in SQL statement "create table books (id bigint not null auto_increment, author varchar(255) not null, isbn varchar(255) not null, price integer not null, publish_date date not null, title varchar(255) not null, primary key (id)) engine[*]=InnoDB"; expected "identifier";]

org.hibernate.tool.schema.spi.CommandAcceptanceException: Error executing DDL "create table books (id bigint not null auto_increment, author varchar(255) not null, isbn varchar(255) not null, price integer not null, publish_date date not null, title varchar(255) not null, primary key (id)) engine=InnoDB" via JDBC [Syntax error in SQL statement "create table books (id bigint not null auto_increment, author varchar(255) not null, isbn varchar(255) not null, price integer not null, publish_date date not null, title varchar(255) not null, primary key (id)) engine[*]=InnoDB"; expected "identifier";]
	at org.hibernate.tool.schema.internal.exec.GenerationTargetToDatabase.accept(GenerationTargetToDatabase.java:94) ~[hibernate-core-6.6.22.Final.jar:6.6.22.Final]
	at org.hibernate.tool.schema.internal.AbstractSchemaMigrator.applySqlString(AbstractSchemaMigrator.java:576) ~[hibernate-core-6.6.22.Final.jar:6.6.22.Final]
	at org.hibernate.tool.schema.internal.AbstractSchemaMigrator.applySqlStrings(AbstractSchemaMigrator.java:516) ~[hibernate-core-6.6.22.Final.jar:6.6.22.Final]
	at org.hibernate.tool.schema.internal.AbstractSchemaMigrator.createTable(AbstractSchemaMigrator.java:316) ~[hibernate-core-6.6.22.Final.jar:6.6.22.Final]
	at org.hibernate.tool.schema.internal.GroupedSchemaMigratorImpl.performTablesMigration(GroupedSchemaMigratorImpl.java:80) ~[hibernate-core-6.6.22.Final.jar:6.6.22.Final]
	at org.hibernate.tool.schema.internal.AbstractSchemaMigrator.performMigration(AbstractSchemaMigrator.java:233) ~[hibernate-core-6.6.22.Final.jar:6.6.22.Final]
	at org.hibernate.tool.schema.internal.AbstractSchemaMigrator.doMigration(AbstractSchemaMigrator.java:112) ~[hibernate-core-6.6.22.Final.jar:6.6.22.Final]
	at org.hibernate.tool.schema.spi.SchemaManagementToolCoordinator.performDatabaseAction(SchemaManagementToolCoordinator.java:280) ~[hibernate-core-6.6.22.Final.jar:6.6.22.Final]
	at org.hibernate.tool.schema.spi.SchemaManagementToolCoordinator.lambda$process$5(SchemaManagementToolCoordinator.java:144) ~[hibernate-core-6.6.22.Final.jar:6.6.22.Final]
	at java.base/java.util.HashMap.forEach(HashMap.java:1421) ~[?:?]
	at org.hibernate.tool.schema.spi.SchemaManagementToolCoordinator.process(SchemaManagementToolCoordinator.java:141) ~[hibernate-core-6.6.22.Final.jar:6.6.22.Final]
	at org.hibernate.boot.internal.SessionFactoryObserverForSchemaExport.sessionFactoryCreated(SessionFactoryObserverForSchemaExport.java:37) ~[hibernate-core-6.6.22.Final.jar:6.6.22.Final]
	at org.hibernate.internal.SessionFactoryObserverChain.sessionFactoryCreated(SessionFactoryObserverChain.java:35) ~[hibernate-core-6.6.22.Final.jar:6.6.22.Final]
	at org.hibernate.internal.SessionFactoryImpl.<init>(SessionFactoryImpl.java:324) ~[hibernate-core-6.6.22.Final.jar:6.6.22.Final]
	at org.hibernate.boot.internal.SessionFactoryBuilderImpl.build(SessionFactoryBuilderImpl.java:463) ~[hibernate-core-6.6.22.Final.jar:6.6.22.Final]
	at org.hibernate.jpa.boot.internal.EntityManagerFactoryBuilderImpl.build(EntityManagerFactoryBuilderImpl.java:1517) ~[hibernate-core-6.6.22.Final.jar:6.6.22.Final]
	at org.springframework.orm.jpa.vendor.SpringHibernateJpaPersistenceProvider.createContainerEntityManagerFactory(SpringHibernateJpaPersistenceProvider.java:66) ~[spring-orm-6.2.8.jar:6.2.8]
	at org.springframework.orm.jpa.LocalContainerEntityManagerFactoryBean.createNativeEntityManagerFactory(LocalContainerEntityManagerFactoryBean.java:390) ~[spring-orm-6.2.8.jar:6.2.8]
	at org.springframework.orm.jpa.AbstractEntityManagerFactoryBean.buildNativeEntityManagerFactory(AbstractEntityManagerFactoryBean.java:419) ~[spring-orm-6.2.8.jar:6.2.8]
	at org.springframework.orm.jpa.AbstractEntityManagerFactoryBean.afterPropertiesSet(AbstractEntityManagerFactoryBean.java:400) ~[spring-orm-6.2.8.jar:6.2.8]
	at org.springframework.orm.jpa.LocalContainerEntityManagerFactoryBean.afterPropertiesSet(LocalContainerEntityManagerFactoryBean.java:366) ~[spring-orm-6.2.8.jar:6.2.8]
	at org.springframework.beans.factory.support.AbstractAutowireCapableBeanFactory.invokeInitMethods(AbstractAutowireCapableBeanFactory.java:1873) ~[spring-beans-6.2.8.jar:6.2.8]
	at org.springframework.beans.factory.support.AbstractAutowireCapableBeanFactory.initializeBean(AbstractAutowireCapableBeanFactory.java:1822) ~[spring-beans-6.2.8.jar:6.2.8]
	at org.springframework.beans.factory.support.AbstractAutowireCapableBeanFactory.doCreateBean(AbstractAutowireCapableBeanFactory.java:607) ~[spring-beans-6.2.8.jar:6.2.8]
	at org.springframework.beans.factory.support.AbstractAutowireCapableBeanFactory.createBean(AbstractAutowireCapableBeanFactory.java:529) ~[spring-beans-6.2.8.jar:6.2.8]
	at org.springframework.beans.factory.support.AbstractBeanFactory.lambda$doGetBean$0(AbstractBeanFactory.java:339) ~[spring-beans-6.2.8.jar:6.2.8]
	at org.springframework.beans.factory.support.DefaultSingletonBeanRegistry.getSingleton(DefaultSingletonBeanRegistry.java:373) ~[spring-beans-6.2.8.jar:6.2.8]
	at org.springframework.beans.factory.support.AbstractBeanFactory.doGetBean(AbstractBeanFactory.java:337) ~[spring-beans-6.2.8.jar:6.2.8]
	at org.springframework.beans.factory.support.AbstractBeanFactory.getBean(AbstractBeanFactory.java:207) ~[spring-beans-6.2.8.jar:6.2.8]
	at org.springframework.context.support.AbstractApplicationContext.finishBeanFactoryInitialization(AbstractApplicationContext.java:970) ~[spring-context-6.2.8.jar:6.2.8]
	at org.springframework.context.support.AbstractApplicationContext.refresh(AbstractApplicationContext.java:627) ~[spring-context-6.2.8.jar:6.2.8]
	at org.springframework.boot.SpringApplication.refresh(SpringApplication.java:752) ~[spring-boot-3.4.8.jar:3.4.8]
	at org.springframework.boot.SpringApplication.refreshContext(SpringApplication.java:439) ~[spring-boot-3.4.8.jar:3.4.8]
	at org.springframework.boot.SpringApplication.run(SpringApplication.java:318) ~[spring-boot-3.4.8.jar:3.4.8]
	at org.springframework.boot.test.context.SpringBootContextLoader.lambda$loadContext$3(SpringBootContextLoader.java:144) ~[spring-boot-test-3.4.8.jar:3.4.8]
	at org.springframework.util.function.ThrowingSupplier.get(ThrowingSupplier.java:58) ~[spring-core-6.2.8.jar:6.2.8]
	at org.springframework.util.function.ThrowingSupplier.get(ThrowingSupplier.java:46) ~[spring-core-6.2.8.jar:6.2.8]
	at org.springframework.boot.SpringApplication.withHook(SpringApplication.java:1461) ~[spring-boot-3.4.8.jar:3.4.8]
	at org.springframework.boot.test.context.SpringBootContextLoader$ContextLoaderHook.run(SpringBootContextLoader.java:563) ~[spring-boot-test-3.4.8.jar:3.4.8]
	at org.springframework.boot.test.context.SpringBootContextLoader.loadContext(SpringBootContextLoader.java:144) ~[spring-boot-test-3.4.8.jar:3.4.8]
	at org.springframework.boot.test.context.SpringBootContextLoader.loadContext(SpringBootContextLoader.java:110) ~[spring-boot-test-3.4.8.jar:3.4.8]
	at org.springframework.test.context.cache.DefaultCacheAwareContextLoaderDelegate.loadContextInternal(DefaultCacheAwareContextLoaderDelegate.java:225) ~[spring-test-6.2.8.jar:6.2.8]
	at org.springframework.test.context.cache.DefaultCacheAwareContextLoaderDelegate.loadContext(DefaultCacheAwareContextLoaderDelegate.java:152) ~[spring-test-6.2.8.jar:6.2.8]
	at org.springframework.test.context.support.DefaultTestContext.getApplicationContext(DefaultTestContext.java:130) ~[spring-test-6.2.8.jar:6.2.8]
	at org.springframework.test.context.support.DependencyInjectionTestExecutionListener.injectDependencies(DependencyInjectionTestExecutionListener.java:155) ~[spring-test-6.2.8.jar:6.2.8]
	at org.springframework.test.context.support.DependencyInjectionTestExecutionListener.prepareTestInstance(DependencyInjectionTestExecutionListener.java:111) ~[spring-test-6.2.8.jar:6.2.8]
	at org.springframework.test.context.TestContextManager.prepareTestInstance(TestContextManager.java:260) ~[spring-test-6.2.8.jar:6.2.8]
	at org.springframework.test.context.junit.jupiter.SpringExtension.postProcessTestInstance(SpringExtension.java:159) ~[spring-test-6.2.8.jar:6.2.8]
	at org.junit.jupiter.engine.descriptor.ClassBasedTestDescriptor.lambda$invokeTestInstancePostProcessors$11(ClassBasedTestDescriptor.java:378) ~[junit-jupiter-engine-5.11.4.jar:5.11.4]
	at org.junit.jupiter.engine.descriptor.ClassBasedTestDescriptor.executeAndMaskThrowable(ClassBasedTestDescriptor.java:383) ~[junit-jupiter-engine-5.11.4.jar:5.11.4]
	at org.junit.jupiter.engine.descriptor.ClassBasedTestDescriptor.lambda$invokeTestInstancePostProcessors$12(ClassBasedTestDescriptor.java:378) ~[junit-jupiter-engine-5.11.4.jar:5.11.4]
	at java.base/java.util.stream.ForEachOps$ForEachOp$OfRef.accept(ForEachOps.java:183) ~[?:?]
	at java.base/java.util.stream.ReferencePipeline$3$1.accept(ReferencePipeline.java:197) ~[?:?]
	at java.base/java.util.stream.ReferencePipeline$2$1.accept(ReferencePipeline.java:179) ~[?:?]
	at java.base/java.util.stream.ReferencePipeline$3$1.accept(ReferencePipeline.java:197) ~[?:?]
	at java.base/java.util.ArrayList$ArrayListSpliterator.forEachRemaining(ArrayList.java:1625) ~[?:?]
	at java.base/java.util.stream.AbstractPipeline.copyInto(AbstractPipeline.java:509) ~[?:?]
	at java.base/java.util.stream.AbstractPipeline.wrapAndCopyInto(AbstractPipeline.java:499) ~[?:?]
	at java.base/java.util.stream.ForEachOps$ForEachOp.evaluateSequential(ForEachOps.java:150) ~[?:?]
	at java.base/java.util.stream.ForEachOps$ForEachOp$OfRef.evaluateSequential(ForEachOps.java:173) ~[?:?]
	at java.base/java.util.stream.AbstractPipeline.evaluate(AbstractPipeline.java:234) ~[?:?]
	at java.base/java.util.stream.ReferencePipeline.forEach(ReferencePipeline.java:596) ~[?:?]
	at org.junit.jupiter.engine.descriptor.ClassBasedTestDescriptor.invokeTestInstancePostProcessors(ClassBasedTestDescriptor.java:377) ~[junit-jupiter-engine-5.11.4.jar:5.11.4]
	at org.junit.jupiter.engine.descriptor.ClassBasedTestDescriptor.lambda$instantiateAndPostProcessTestInstance$7(ClassBasedTestDescriptor.java:290) ~[junit-jupiter-engine-5.11.4.jar:5.11.4]
	at org.junit.platform.engine.support.hierarchical.ThrowableCollector.execute(ThrowableCollector.java:73) ~[junit-platform-engine-1.11.4.jar:1.11.4]
	at org.junit.jupiter.engine.descriptor.ClassBasedTestDescriptor.instantiateAndPostProcessTestInstance(ClassBasedTestDescriptor.java:289) ~[junit-jupiter-engine-5.11.4.jar:5.11.4]
	at org.junit.jupiter.engine.descriptor.ClassBasedTestDescriptor.lambda$testInstancesProvider$5(ClassBasedTestDescriptor.java:279) ~[junit-jupiter-engine-5.11.4.jar:5.11.4]
	at java.base/java.util.Optional.orElseGet(Optional.java:364) ~[?:?]
	at org.junit.jupiter.engine.descriptor.ClassBasedTestDescriptor.lambda$testInstancesProvider$6(ClassBasedTestDescriptor.java:278) ~[junit-jupiter-engine-5.11.4.jar:5.11.4]
	at org.junit.jupiter.engine.execution.TestInstancesProvider.getTestInstances(TestInstancesProvider.java:31) ~[junit-jupiter-engine-5.11.4.jar:5.11.4]
	at org.junit.jupiter.engine.descriptor.TestMethodTestDescriptor.lambda$prepare$1(TestMethodTestDescriptor.java:105) ~[junit-jupiter-engine-5.11.4.jar:5.11.4]
	at org.junit.platform.engine.support.hierarchical.ThrowableCollector.execute(ThrowableCollector.java:73) ~[junit-platform-engine-1.11.4.jar:1.11.4]
	at org.junit.jupiter.engine.descriptor.TestMethodTestDescriptor.prepare(TestMethodTestDescriptor.java:104) ~[junit-jupiter-engine-5.11.4.jar:5.11.4]
	at org.junit.jupiter.engine.descriptor.TestMethodTestDescriptor.prepare(TestMethodTestDescriptor.java:68) ~[junit-jupiter-engine-5.11.4.jar:5.11.4]
	at org.junit.platform.engine.support.hierarchical.NodeTestTask.lambda$prepare$2(NodeTestTask.java:128) ~[junit-platform-engine-1.11.4.jar:1.11.4]
	at org.junit.platform.engine.support.hierarchical.ThrowableCollector.execute(ThrowableCollector.java:73) ~[junit-platform-engine-1.11.4.jar:1.11.4]
	at org.junit.platform.engine.support.hierarchical.NodeTestTask.prepare(NodeTestTask.java:128) ~[junit-platform-engine-1.11.4.jar:1.11.4]
	at org.junit.platform.engine.support.hierarchical.NodeTestTask.execute(NodeTestTask.java:95) ~[junit-platform-engine-1.11.4.jar:1.11.4]
	at java.base/java.util.ArrayList.forEach(ArrayList.java:1511) ~[?:?]
	at org.junit.platform.engine.support.hierarchical.SameThreadHierarchicalTestExecutorService.invokeAll(SameThreadHierarchicalTestExecutorService.java:41) ~[junit-platform-engine-1.11.4.jar:1.11.4]
	at org.junit.platform.engine.support.hierarchical.NodeTestTask.lambda$executeRecursively$6(NodeTestTask.java:160) ~[junit-platform-engine-1.11.4.jar:1.11.4]
	at org.junit.platform.engine.support.hierarchical.ThrowableCollector.execute(ThrowableCollector.java:73) ~[junit-platform-engine-1.11.4.jar:1.11.4]
	at org.junit.platform.engine.support.hierarchical.NodeTestTask.lambda$executeRecursively$8(NodeTestTask.java:146) ~[junit-platform-engine-1.11.4.jar:1.11.4]
	at org.junit.platform.engine.support.hierarchical.Node.around(Node.java:137) ~[junit-platform-engine-1.11.4.jar:1.11.4]
	at org.junit.platform.engine.support.hierarchical.NodeTestTask.lambda$executeRecursively$9(NodeTestTask.java:144) ~[junit-platform-engine-1.11.4.jar:1.11.4]
	at org.junit.platform.engine.support.hierarchical.ThrowableCollector.execute(ThrowableCollector.java:73) ~[junit-platform-engine-1.11.4.jar:1.11.4]
	at org.junit.platform.engine.support.hierarchical.NodeTestTask.executeRecursively(NodeTestTask.java:143) ~[junit-platform-engine-1.11.4.jar:1.11.4]
	at org.junit.platform.engine.support.hierarchical.NodeTestTask.execute(NodeTestTask.java:100) ~[junit-platform-engine-1.11.4.jar:1.11.4]
	at java.base/java.util.ArrayList.forEach(ArrayList.java:1511) ~[?:?]
	at org.junit.platform.engine.support.hierarchical.SameThreadHierarchicalTestExecutorService.invokeAll(SameThreadHierarchicalTestExecutorService.java:41) ~[junit-platform-engine-1.11.4.jar:1.11.4]
	at org.junit.platform.engine.support.hierarchical.NodeTestTask.lambda$executeRecursively$6(NodeTestTask.java:160) ~[junit-platform-engine-1.11.4.jar:1.11.4]
	at org.junit.platform.engine.support.hierarchical.ThrowableCollector.execute(ThrowableCollector.java:73) ~[junit-platform-engine-1.11.4.jar:1.11.4]
	at org.junit.platform.engine.support.hierarchical.NodeTestTask.lambda$executeRecursively$8(NodeTestTask.java:146) ~[junit-platform-engine-1.11.4.jar:1.11.4]
	at org.junit.platform.engine.support.hierarchical.Node.around(Node.java:137) ~[junit-platform-engine-1.11.4.jar:1.11.4]
	at org.junit.platform.engine.support.hierarchical.NodeTestTask.lambda$executeRecursively$9(NodeTestTask.java:144) ~[junit-platform-engine-1.11.4.jar:1.11.4]
	at org.junit.platform.engine.support.hierarchical.ThrowableCollector.execute(ThrowableCollector.java:73) ~[junit-platform-engine-1.11.4.jar:1.11.4]
	at org.junit.platform.engine.support.hierarchical.NodeTestTask.executeRecursively(NodeTestTask.java:143) ~[junit-platform-engine-1.11.4.jar:1.11.4]
	at org.junit.platform.engine.support.hierarchical.NodeTestTask.execute(NodeTestTask.java:100) ~[junit-platform-engine-1.11.4.jar:1.11.4]
	at org.junit.platform.engine.support.hierarchical.SameThreadHierarchicalTestExecutorService.submit(SameThreadHierarchicalTestExecutorService.java:35) ~[junit-platform-engine-1.11.4.jar:1.11.4]
	at org.junit.platform.engine.support.hierarchical.HierarchicalTestExecutor.execute(HierarchicalTestExecutor.java:57) ~[junit-platform-engine-1.11.4.jar:1.11.4]
	at org.junit.platform.engine.support.hierarchical.HierarchicalTestEngine.execute(HierarchicalTestEngine.java:54) ~[junit-platform-engine-1.11.4.jar:1.11.4]
	at org.junit.platform.launcher.core.EngineExecutionOrchestrator.execute(EngineExecutionOrchestrator.java:198) ~[junit-platform-launcher-1.11.4.jar:1.11.4]
	at org.junit.platform.launcher.core.EngineExecutionOrchestrator.execute(EngineExecutionOrchestrator.java:169) ~[junit-platform-launcher-1.11.4.jar:1.11.4]
	at org.junit.platform.launcher.core.EngineExecutionOrchestrator.execute(EngineExecutionOrchestrator.java:93) ~[junit-platform-launcher-1.11.4.jar:1.11.4]
	at org.junit.platform.launcher.core.EngineExecutionOrchestrator.lambda$execute$0(EngineExecutionOrchestrator.java:58) ~[junit-platform-launcher-1.11.4.jar:1.11.4]
	at org.junit.platform.launcher.core.EngineExecutionOrchestrator.withInterceptedStreams(EngineExecutionOrchestrator.java:141) [junit-platform-launcher-1.11.4.jar:1.11.4]
	at org.junit.platform.launcher.core.EngineExecutionOrchestrator.execute(EngineExecutionOrchestrator.java:57) [junit-platform-launcher-1.11.4.jar:1.11.4]
	at org.junit.platform.launcher.core.DefaultLauncher.execute(DefaultLauncher.java:103) [junit-platform-launcher-1.11.4.jar:1.11.4]
	at org.junit.platform.launcher.core.DefaultLauncher.execute(DefaultLauncher.java:85) [junit-platform-launcher-1.11.4.jar:1.11.4]
	at org.junit.platform.launcher.core.DelegatingLauncher.execute(DelegatingLauncher.java:47) [junit-platform-launcher-1.11.4.jar:1.11.4]
	at org.junit.platform.launcher.core.SessionPerRequestLauncher.execute(SessionPerRequestLauncher.java:63) [junit-platform-launcher-1.11.4.jar:1.11.4]
	at com.intellij.junit5.JUnit5IdeaTestRunner.startRunnerWithArgs(JUnit5IdeaTestRunner.java:57) [junit5-rt.jar:?]
	at com.intellij.rt.junit.IdeaTestRunner$Repeater$1.execute(IdeaTestRunner.java:38) [junit-rt.jar:?]
	at com.intellij.rt.execution.junit.TestsRepeater.repeat(TestsRepeater.java:11) [idea_rt.jar:?]
	at com.intellij.rt.junit.IdeaTestRunner$Repeater.startRunnerWithArgs(IdeaTestRunner.java:35) [junit-rt.jar:?]
	at com.intellij.rt.junit.JUnitStarter.prepareStreamsAndStart(JUnitStarter.java:232) [junit-rt.jar:?]
	at com.intellij.rt.junit.JUnitStarter.main(JUnitStarter.java:55) [junit-rt.jar:?]
Caused by: org.h2.jdbc.JdbcSQLSyntaxErrorException: Syntax error in SQL statement "create table books (id bigint not null auto_increment, author varchar(255) not null, isbn varchar(255) not null, price integer not null, publish_date date not null, title varchar(255) not null, primary key (id)) engine[*]=InnoDB"; expected "identifier"; SQL statement:
create table books (id bigint not null auto_increment, author varchar(255) not null, isbn varchar(255) not null, price integer not null, publish_date date not null, title varchar(255) not null, primary key (id)) engine=InnoDB [42001-232]
	at org.h2.message.DbException.getJdbcSQLException(DbException.java:514) ~[h2-2.3.232.jar:2.3.232]
	at org.h2.message.DbException.getJdbcSQLException(DbException.java:489) ~[h2-2.3.232.jar:2.3.232]
	at org.h2.message.DbException.getSyntaxError(DbException.java:261) ~[h2-2.3.232.jar:2.3.232]
	at org.h2.command.Parser.readIdentifier(Parser.java:5527) ~[h2-2.3.232.jar:2.3.232]
	at org.h2.command.Parser.parseCreateTable(Parser.java:8827) ~[h2-2.3.232.jar:2.3.232]
	at org.h2.command.Parser.parseCreate(Parser.java:6398) ~[h2-2.3.232.jar:2.3.232]
	at org.h2.command.Parser.parsePrepared(Parser.java:645) ~[h2-2.3.232.jar:2.3.232]
	at org.h2.command.Parser.parse(Parser.java:581) ~[h2-2.3.232.jar:2.3.232]
	at org.h2.command.Parser.parse(Parser.java:556) ~[h2-2.3.232.jar:2.3.232]
	at org.h2.command.Parser.prepareCommand(Parser.java:484) ~[h2-2.3.232.jar:2.3.232]
	at org.h2.engine.SessionLocal.prepareLocal(SessionLocal.java:645) ~[h2-2.3.232.jar:2.3.232]
	at org.h2.engine.SessionLocal.prepareCommand(SessionLocal.java:561) ~[h2-2.3.232.jar:2.3.232]
	at org.h2.jdbc.JdbcConnection.prepareCommand(JdbcConnection.java:1164) ~[h2-2.3.232.jar:2.3.232]
	at org.h2.jdbc.JdbcStatement.executeInternal(JdbcStatement.java:245) ~[h2-2.3.232.jar:2.3.232]
	at org.h2.jdbc.JdbcStatement.execute(JdbcStatement.java:231) ~[h2-2.3.232.jar:2.3.232]
	at org.hibernate.tool.schema.internal.exec.GenerationTargetToDatabase.accept(GenerationTargetToDatabase.java:80) ~[hibernate-core-6.6.22.Final.jar:6.6.22.Final]
	... 116 more

2025-08-18T13:24:32.157+09:00  INFO 19728 --- [MySpringbootLab] [main] j.LocalContainerEntityManagerFactoryBean : Initialized JPA EntityManagerFactory for persistence unit 'default'
2025-08-18T13:24:32.483+09:00  INFO 19728 --- [MySpringbootLab] [main] c.r.m.r.BookRepositoryTest               : Started BookRepositoryTest in 2.617 seconds (process running for 4.258)
2025-08-18T13:24:32.881+09:00  WARN 19728 --- [MySpringbootLab] [main] o.h.e.j.s.SqlExceptionHelper             : SQL Error: 42104, SQLState: 42S04
2025-08-18T13:24:32.882+09:00 ERROR 19728 --- [MySpringbootLab] [main] o.h.e.j.s.SqlExceptionHelper             : Table "BOOKS" not found (this database is empty); SQL statement:
insert into books (author,isbn,price,publish_date,title) values (?,?,?,?,?) [42104-232]
2025-08-18T13:24:32.917+09:00  WARN 19728 --- [MySpringbootLab] [main] o.h.e.j.s.SqlExceptionHelper             : SQL Error: 42104, SQLState: 42S04
2025-08-18T13:24:32.918+09:00 ERROR 19728 --- [MySpringbootLab] [main] o.h.e.j.s.SqlExceptionHelper             : Table "BOOKS" not found (this database is empty); SQL statement:
insert into books (author,isbn,price,publish_date,title) values (?,?,?,?,?) [42104-232]
2025-08-18T13:24:32.930+09:00  WARN 19728 --- [MySpringbootLab] [main] o.h.e.j.s.SqlExceptionHelper             : SQL Error: 42104, SQLState: 42S04
2025-08-18T13:24:32.931+09:00 ERROR 19728 --- [MySpringbootLab] [main] o.h.e.j.s.SqlExceptionHelper             : Table "BOOKS" not found (this database is empty); SQL statement:
insert into books (author,isbn,price,publish_date,title) values (?,?,?,?,?) [42104-232]
2025-08-18T13:24:32.942+09:00  WARN 19728 --- [MySpringbootLab] [main] o.h.e.j.s.SqlExceptionHelper             : SQL Error: 42104, SQLState: 42S04
2025-08-18T13:24:32.943+09:00 ERROR 19728 --- [MySpringbootLab] [main] o.h.e.j.s.SqlExceptionHelper             : Table "BOOKS" not found (this database is empty); SQL statement:
insert into books (author,isbn,price,publish_date,title) values (?,?,?,?,?) [42104-232]
2025-08-18T13:24:32.953+09:00  WARN 19728 --- [MySpringbootLab] [main] o.h.e.j.s.SqlExceptionHelper             : SQL Error: 42104, SQLState: 42S04
2025-08-18T13:24:32.954+09:00 ERROR 19728 --- [MySpringbootLab] [main] o.h.e.j.s.SqlExceptionHelper             : Table "BOOKS" not found (this database is empty); SQL statement:
insert into books (author,isbn,price,publish_date,title) values (?,?,?,?,?) [42104-232]
2025-08-18T13:24:32.965+09:00  INFO 19728 --- [MySpringbootLab] [SpringApplicationShutdownHook] j.LocalContainerEntityManagerFactoryBean : Closing JPA EntityManagerFactory for persistence unit 'default'
2025-08-18T13:28:23.375+09:00  INFO 19910 --- [MySpringbootLab] [main] c.r.m.r.BookRepositoryTest               : Starting BookRepositoryTest using Java 17.0.2 with PID 19910 (started by rose in /Applications/SK-Shieldus-Rookies_Task/Springboot_Practice/MySpringbootLab)
2025-08-18T13:28:23.380+09:00  INFO 19910 --- [MySpringbootLab] [main] c.r.m.r.BookRepositoryTest               : The following 1 profile is active: "prod"
2025-08-18T13:28:24.426+09:00  INFO 19910 --- [MySpringbootLab] [main] .s.d.r.c.RepositoryConfigurationDelegate : Bootstrapping Spring Data JPA repositories in DEFAULT mode.
2025-08-18T13:28:24.473+09:00  INFO 19910 --- [MySpringbootLab] [main] .s.d.r.c.RepositoryConfigurationDelegate : Finished Spring Data repository scanning in 38 ms. Found 1 JPA repository interface.
2025-08-18T13:28:24.831+09:00  INFO 19910 --- [MySpringbootLab] [main] o.h.j.i.u.LogHelper                      : HHH000204: Processing PersistenceUnitInfo [name: default]
2025-08-18T13:28:24.870+09:00  INFO 19910 --- [MySpringbootLab] [main] o.h.Version                              : HHH000412: Hibernate ORM core version 6.6.22.Final
2025-08-18T13:28:24.908+09:00  INFO 19910 --- [MySpringbootLab] [main] o.h.c.i.RegionFactoryInitiator           : HHH000026: Second-level cache disabled
2025-08-18T13:28:25.121+09:00  INFO 19910 --- [MySpringbootLab] [main] o.s.o.j.p.SpringPersistenceUnitInfo      : No LoadTimeWeaver setup: ignoring JPA class transformer
2025-08-18T13:28:25.141+09:00  INFO 19910 --- [MySpringbootLab] [main] c.z.h.HikariDataSource                   : HikariPool-1 - Starting...
2025-08-18T13:28:25.209+09:00  INFO 19910 --- [MySpringbootLab] [main] c.z.h.p.HikariPool                       : HikariPool-1 - Added connection org.mariadb.jdbc.Connection@64544ee4
2025-08-18T13:28:25.211+09:00  INFO 19910 --- [MySpringbootLab] [main] c.z.h.HikariDataSource                   : HikariPool-1 - Start completed.
2025-08-18T13:28:25.235+09:00  WARN 19910 --- [MySpringbootLab] [main] o.h.o.deprecation                        : HHH90000025: MariaDBDialect does not need to be specified explicitly using 'hibernate.dialect' (remove the property setting and it will be selected by default)
2025-08-18T13:28:25.252+09:00  INFO 19910 --- [MySpringbootLab] [main] o.h.o.c.pooling                          : HHH10001005: Database info:
	Database JDBC URL [Connecting through datasource 'HikariDataSource (HikariPool-1)']
	Database driver: undefined/unknown
	Database version: 10.11.14
	Autocommit mode: undefined/unknown
	Isolation level: undefined/unknown
	Minimum pool size: undefined/unknown
	Maximum pool size: undefined/unknown
2025-08-18T13:28:25.929+09:00  INFO 19910 --- [MySpringbootLab] [main] o.h.e.t.j.p.i.JtaPlatformInitiator       : HHH000489: No JTA platform available (set 'hibernate.transaction.jta.platform' to enable JTA platform integration)
2025-08-18T13:28:25.967+09:00  INFO 19910 --- [MySpringbootLab] [main] j.LocalContainerEntityManagerFactoryBean : Initialized JPA EntityManagerFactory for persistence unit 'default'
2025-08-18T13:28:26.088+09:00  WARN 19910 --- [MySpringbootLab] [main] JpaBaseConfiguration$JpaWebConfiguration : spring.jpa.open-in-view is enabled by default. Therefore, database queries may be performed during view rendering. Explicitly configure spring.jpa.open-in-view to disable this warning
2025-08-18T13:28:26.316+09:00  WARN 19910 --- [MySpringbootLab] [main] ion$DefaultTemplateResolverConfiguration : Cannot find template location: classpath:/templates/ (please add some templates, check your Thymeleaf configuration, or set spring.thymeleaf.check-template-location=false)
2025-08-18T13:28:26.778+09:00  INFO 19910 --- [MySpringbootLab] [main] o.s.b.a.e.w.EndpointLinksResolver        : Exposing 1 endpoint beneath base path '/actuator'
2025-08-18T13:28:26.848+09:00  INFO 19910 --- [MySpringbootLab] [main] c.r.m.r.BookRepositoryTest               : Started BookRepositoryTest in 3.847 seconds (process running for 5.181)
2025-08-18T13:28:26.884+09:00  INFO 19910 --- [MySpringbootLab] [main] c.r.m.r.MyPropRunner                     : port = 86
2025-08-18T13:28:27.555+09:00  INFO 19910 --- [MySpringbootLab] [SpringApplicationShutdownHook] j.LocalContainerEntityManagerFactoryBean : Closing JPA EntityManagerFactory for persistence unit 'default'
2025-08-18T13:28:27.558+09:00  INFO 19910 --- [MySpringbootLab] [SpringApplicationShutdownHook] c.z.h.HikariDataSource                   : HikariPool-1 - Shutdown initiated...
2025-08-18T13:28:27.564+09:00  INFO 19910 --- [MySpringbootLab] [SpringApplicationShutdownHook] c.z.h.HikariDataSource                   : HikariPool-1 - Shutdown completed.
2025-08-18T13:29:32.282+09:00  INFO 19974 --- [MySpringbootLab] [main] c.r.m.r.BookRepositoryTest               : Starting BookRepositoryTest using Java 17.0.2 with PID 19974 (started by rose in /Applications/SK-Shieldus-Rookies_Task/Springboot_Practice/MySpringbootLab)
2025-08-18T13:29:32.292+09:00  INFO 19974 --- [MySpringbootLab] [main] c.r.m.r.BookRepositoryTest               : The following 1 profile is active: "prod"
2025-08-18T13:29:33.016+09:00  INFO 19974 --- [MySpringbootLab] [main] .s.d.r.c.RepositoryConfigurationDelegate : Bootstrapping Spring Data JPA repositories in DEFAULT mode.
2025-08-18T13:29:33.061+09:00  INFO 19974 --- [MySpringbootLab] [main] .s.d.r.c.RepositoryConfigurationDelegate : Finished Spring Data repository scanning in 36 ms. Found 1 JPA repository interface.
2025-08-18T13:29:33.412+09:00  INFO 19974 --- [MySpringbootLab] [main] o.h.j.i.u.LogHelper                      : HHH000204: Processing PersistenceUnitInfo [name: default]
2025-08-18T13:29:33.462+09:00  INFO 19974 --- [MySpringbootLab] [main] o.h.Version                              : HHH000412: Hibernate ORM core version 6.6.22.Final
2025-08-18T13:29:33.499+09:00  INFO 19974 --- [MySpringbootLab] [main] o.h.c.i.RegionFactoryInitiator           : HHH000026: Second-level cache disabled
2025-08-18T13:29:33.706+09:00  INFO 19974 --- [MySpringbootLab] [main] o.s.o.j.p.SpringPersistenceUnitInfo      : No LoadTimeWeaver setup: ignoring JPA class transformer
2025-08-18T13:29:33.730+09:00  INFO 19974 --- [MySpringbootLab] [main] c.z.h.HikariDataSource                   : HikariPool-1 - Starting...
2025-08-18T13:29:33.791+09:00  INFO 19974 --- [MySpringbootLab] [main] c.z.h.p.HikariPool                       : HikariPool-1 - Added connection org.mariadb.jdbc.Connection@6b64429e
2025-08-18T13:29:33.792+09:00  INFO 19974 --- [MySpringbootLab] [main] c.z.h.HikariDataSource                   : HikariPool-1 - Start completed.
2025-08-18T13:29:33.817+09:00  WARN 19974 --- [MySpringbootLab] [main] o.h.o.deprecation                        : HHH90000025: MariaDBDialect does not need to be specified explicitly using 'hibernate.dialect' (remove the property setting and it will be selected by default)
2025-08-18T13:29:33.841+09:00  INFO 19974 --- [MySpringbootLab] [main] o.h.o.c.pooling                          : HHH10001005: Database info:
	Database JDBC URL [Connecting through datasource 'HikariDataSource (HikariPool-1)']
	Database driver: undefined/unknown
	Database version: 10.11.14
	Autocommit mode: undefined/unknown
	Isolation level: undefined/unknown
	Minimum pool size: undefined/unknown
	Maximum pool size: undefined/unknown
2025-08-18T13:29:34.513+09:00  INFO 19974 --- [MySpringbootLab] [main] o.h.e.t.j.p.i.JtaPlatformInitiator       : HHH000489: No JTA platform available (set 'hibernate.transaction.jta.platform' to enable JTA platform integration)
2025-08-18T13:29:34.547+09:00  INFO 19974 --- [MySpringbootLab] [main] j.LocalContainerEntityManagerFactoryBean : Initialized JPA EntityManagerFactory for persistence unit 'default'
2025-08-18T13:29:34.672+09:00  WARN 19974 --- [MySpringbootLab] [main] JpaBaseConfiguration$JpaWebConfiguration : spring.jpa.open-in-view is enabled by default. Therefore, database queries may be performed during view rendering. Explicitly configure spring.jpa.open-in-view to disable this warning
2025-08-18T13:29:34.892+09:00  WARN 19974 --- [MySpringbootLab] [main] ion$DefaultTemplateResolverConfiguration : Cannot find template location: classpath:/templates/ (please add some templates, check your Thymeleaf configuration, or set spring.thymeleaf.check-template-location=false)
2025-08-18T13:29:35.316+09:00  INFO 19974 --- [MySpringbootLab] [main] o.s.b.a.e.w.EndpointLinksResolver        : Exposing 1 endpoint beneath base path '/actuator'
2025-08-18T13:29:35.382+09:00  INFO 19974 --- [MySpringbootLab] [main] c.r.m.r.BookRepositoryTest               : Started BookRepositoryTest in 3.456 seconds (process running for 5.051)
2025-08-18T13:29:35.419+09:00  INFO 19974 --- [MySpringbootLab] [main] c.r.m.r.MyPropRunner                     : port = 9
2025-08-18T13:29:36.046+09:00  INFO 19974 --- [MySpringbootLab] [SpringApplicationShutdownHook] j.LocalContainerEntityManagerFactoryBean : Closing JPA EntityManagerFactory for persistence unit 'default'
2025-08-18T13:29:36.048+09:00  INFO 19974 --- [MySpringbootLab] [SpringApplicationShutdownHook] c.z.h.HikariDataSource                   : HikariPool-1 - Shutdown initiated...
2025-08-18T13:29:36.055+09:00  INFO 19974 --- [MySpringbootLab] [SpringApplicationShutdownHook] c.z.h.HikariDataSource                   : HikariPool-1 - Shutdown completed.
